
Creating users in the TimesTen database


User created.


User created.

< SYS, 0, 2019-05-31 22:20:09 >
< TTREP, 2, 2019-05-31 22:20:09 >
< SYSTEM, 3, 2019-05-31 22:20:09 >
< GRID, 4, 2019-05-31 22:20:09 >
< ORACLE, 10, 2019-05-31 22:20:09 >
< CACHEUSERADMIN, 11, 2019-05-31 22:20:12 >
< FOPRO, 12, 2019-05-31 22:20:12 >

< SYS, ADMIN, YES >
< SYSTEM, ADMIN, YES >
< ORACLE, ADMIN, YES >
< CACHEUSERADMIN, ADMIN, YES >
< FOPRO, CREATE SESSION, NO >
< FOPRO, ADMIN, YES >
< FOPRO, CACHE_MANAGER, NO >
< FOPRO, XLA, NO >
< FOPRO, CREATE TABLE, NO >
< FOPRO, CREATE SEQUENCE, NO >
< FOPRO, CREATE PROCEDURE, NO >
< FOPRO, CREATE SYNONYM, NO >
< FOPRO, CREATE PUBLIC SYNONYM, NO >
< FOPRO, CREATE ANY TABLE, NO >

< CACHEUSERADMIN >
< BACKGRID, CACHEUSERADMIN, Linux x86-64, 64-bit, 11, 2, 2 >
Exit create cache groups

Creating schema objects and indexes

 3204: Sequence FOPRO.SEQ_TRANSACTIONS not found
 3204: Sequence FOPRO.SEQ_POOLROOM not found
 3204: Sequence FOPRO.SEQ_COMMON not found
 3204: Sequence FOPRO.SEQ_DEALID not found
 3204: Sequence FOPRO.SEQ_BASKETS not found
 3204: Sequence FOPRO.SEQ_DEFRULES not found
 3204: Sequence FOPRO.SEQ_ALLOCATION not found
 3204: Sequence FOPRO.SEQ_ORDERS not found
 3204: Sequence FOPRO.SEQ_TRADING not found
 3204: Sequence FOPRO.SEQ_QUOTES not found
 3204: Sequence FOPRO.SEQ_ROOT_ORDERID not found
 3204: Sequence FOPRO.SEQ_EXCERROR not found
 3204: Sequence FOPRO.SEQ_HNX_ORDERID not found
 3204: Sequence FOPRO.SEQ_TTLOGS not found
 3204: Sequence FOPRO.SEQ_GW_MSG_LOGS not found
 3204: Sequence FOPRO.SEQ_MSG_832 not found
  FOPRO.ACCOUNTS
  FOPRO.ADVORDERS
  FOPRO.ALLOCATION
  FOPRO.BANKACCORDERS
  FOPRO.BASKETS
  FOPRO.CONSIDERED_SYMBOLS_TMP
  FOPRO.CROSSINFO
  FOPRO.CUSTOMERS
  FOPRO.DEFRULES
  FOPRO.DICERRORS
  FOPRO.EXCERROR
  FOPRO.FOUSERS
  FOPRO.GW_MSG_LOGS
  FOPRO.HFT_MSG_LOGS
  FOPRO.INSTRUMENTS
  FOPRO.MARKETINFO
  FOPRO.MSGERRORS
  FOPRO.ORDERS
  FOPRO.OWNPOOLROOM
  FOPRO.POOLROOM
  FOPRO.PORTFOLIOS
  FOPRO.PORTFOLIOSEX
  FOPRO.PRODUCTS
  FOPRO.PROFILES
  FOPRO.QUOTES
  FOPRO.STATICDATA
  FOPRO.SYSCONFIG
  FOPRO.TBL_MATCHED_TRANS
  FOPRO.TICKSIZE
  FOPRO.TRACKUNIQUE
  FOPRO.TRADES
  FOPRO.TRADING_EXCEPTION
  FOPRO.TRADING_EXCEPTION_LOG
  FOPRO.TRANSACTIONS
  FOPRO.TTLOGS
  FOPRO.WORKINGCALENDAR
